0 verbose cli P:\MODULES def\[ Modules ]\node\node.exe P:\MODULES def\[ Modules ]\node\node\addons\npm\bin\npm-cli.js
1 info using npm@9.6.7
2 info using node@v18.17.0
3 timing npm:load:whichnode Completed in 2ms
4 timing config:load:defaults Completed in 2ms
5 timing config:load:file:P:\MODULES def\[ Modules ]\node\node\addons\npm\npmrc Completed in 2ms
6 timing config:load:builtin Completed in 3ms
7 timing config:load:cli Completed in 2ms
8 timing config:load:env Completed in 0ms
9 timing config:load:file:P:\MODULES def\[ Modules ]\node\.npmrc Completed in 0ms
10 timing config:load:project Completed in 2ms
11 timing config:load:file:C:\Users\Alex\.npmrc Completed in 2ms
12 timing config:load:user Completed in 2ms
13 timing config:load:file:P:\MODULES def\[ Modules ]\node\node\etc\npmrc Completed in 0ms
14 timing config:load:global Completed in 1ms
15 timing config:load:setEnvs Completed in 1ms
16 timing config:load Completed in 14ms
17 timing npm:load:configload Completed in 14ms
18 timing npm:load:mkdirpcache Completed in 0ms
19 timing npm:load:mkdirplogs Completed in 1ms
20 verbose title npm list
21 verbose argv "list"
22 timing npm:load:setTitle Completed in 2ms
23 timing config:load:flatten Completed in 4ms
24 timing npm:load:display Completed in 5ms
25 verbose logfile logs-max:10 dir:P:\MODULES def\[ Modules ]\node\node\cache\_logs\2024-04-16T13_22_34_143Z-
26 verbose logfile P:\MODULES def\[ Modules ]\node\node\cache\_logs\2024-04-16T13_22_34_143Z-debug-0.log
27 timing npm:load:logFile Completed in 14ms
28 timing npm:load:timers Completed in 0ms
29 timing npm:load:configScope Completed in 0ms
30 timing npm:load Completed in 39ms
31 timing arborist:ctor Completed in 1ms
32 silly logfile done cleaning log files
33 timing command:list Completed in 537ms
34 verbose exit 0
35 timing npm Completed in 611ms
36 info ok
