0 verbose cli P:\MODULES def\[ Modules ]\node\node.exe P:\MODULES def\[ Modules ]\node\node\addons\npm\bin\npm-cli.js
1 info using npm@9.6.7
2 info using node@v18.17.0
3 timing npm:load:whichnode Completed in 2ms
4 timing config:load:defaults Completed in 2ms
5 timing config:load:file:P:\MODULES def\[ Modules ]\node\node\addons\npm\npmrc Completed in 3ms
6 timing config:load:builtin Completed in 3ms
7 timing config:load:cli Completed in 3ms
8 timing config:load:env Completed in 0ms
9 timing config:load:file:P:\MODULES def\[ Modules ]\node\.npmrc Completed in 0ms
10 timing config:load:project Completed in 2ms
11 timing config:load:file:C:\Users\Alex\.npmrc Completed in 2ms
12 timing config:load:user Completed in 2ms
13 timing config:load:file:P:\MODULES def\[ Modules ]\node\node\etc\npmrc Completed in 0ms
14 timing config:load:global Completed in 1ms
15 timing config:load:setEnvs Completed in 1ms
16 timing config:load Completed in 15ms
17 timing npm:load:configload Completed in 15ms
18 timing npm:load:mkdirpcache Completed in 0ms
19 timing npm:load:mkdirplogs Completed in 0ms
20 verbose title npm config help
21 verbose argv "config" "help"
22 timing npm:load:setTitle Completed in 1ms
23 timing config:load:flatten Completed in 5ms
24 timing npm:load:display Completed in 5ms
25 verbose logfile logs-max:10 dir:P:\MODULES def\[ Modules ]\node\node\cache\_logs\2024-04-16T13_25_23_744Z-
26 verbose logfile P:\MODULES def\[ Modules ]\node\node\cache\_logs\2024-04-16T13_25_23_744Z-debug-0.log
27 timing npm:load:logFile Completed in 16ms
28 timing npm:load:timers Completed in 0ms
29 timing npm:load:configScope Completed in 0ms
30 timing npm:load Completed in 41ms
31 timing command:config Completed in 2ms
32 verbose stack Error: 
32 verbose stack Manage the npm configuration files
32 verbose stack
32 verbose stack Usage:
32 verbose stack npm config set <key>=<value> [<key>=<value> ...]
32 verbose stack npm config get [<key> [<key> ...]]
32 verbose stack npm config delete <key> [<key> ...]
32 verbose stack npm config list [--json]
32 verbose stack npm config edit
32 verbose stack npm config fix
32 verbose stack
32 verbose stack Options:
32 verbose stack [--json] [-g|--global] [--editor <editor>] [-L|--location <global|user|project>]
32 verbose stack [-l|--long]
32 verbose stack
32 verbose stack alias: c
32 verbose stack
32 verbose stack Run "npm help config" for more info
32 verbose stack     at Config.usageError (P:\MODULES def\[ Modules ]\node\node\addons\npm\lib\base-command.js:101:26)
32 verbose stack     at Config.exec (P:\MODULES def\[ Modules ]\node\node\addons\npm\lib\commands\config.js:141:22)
32 verbose stack     at Config.cmdExec (P:\MODULES def\[ Modules ]\node\node\addons\npm\lib\base-command.js:130:17)
32 verbose stack     at Npm.exec (P:\MODULES def\[ Modules ]\node\node\addons\npm\lib\npm.js:168:20)
32 verbose stack     at async module.exports (P:\MODULES def\[ Modules ]\node\node\addons\npm\lib\cli.js:89:5)
33 verbose cwd P:\MODULES def\[ Modules ]\node
34 verbose Windows_NT 10.0.19045
35 verbose node v18.17.0
36 verbose npm  v9.6.7
37 error code EUSAGE
38 error
38 error Manage the npm configuration files
38 error
38 error Usage:
38 error npm config set <key>=<value> [<key>=<value> ...]
38 error npm config get [<key> [<key> ...]]
38 error npm config delete <key> [<key> ...]
38 error npm config list [--json]
38 error npm config edit
38 error npm config fix
38 error
38 error Options:
38 error [--json] [-g|--global] [--editor <editor>] [-L|--location <global|user|project>]
38 error [-l|--long]
38 error
38 error alias: c
38 error
38 error Run "npm help config" for more info
39 verbose exit 1
40 timing npm Completed in 95ms
41 verbose code 1
42 error A complete log of this run can be found in: P:\MODULES def\[ Modules ]\node\node\cache\_logs\2024-04-16T13_25_23_744Z-debug-0.log
