0 verbose cli P:\MODULES def\[ Modules ]\node\node.exe P:\MODULES def\[ Modules ]\node\node\addons\npm\bin\npm-cli.js
1 info using npm@9.6.7
2 info using node@v18.17.0
3 timing npm:load:whichnode Completed in 2ms
4 timing config:load:defaults Completed in 3ms
5 timing config:load:file:P:\MODULES def\[ Modules ]\node\node\addons\npm\npmrc Completed in 3ms
6 timing config:load:builtin Completed in 3ms
7 timing config:load:cli Completed in 2ms
8 timing config:load:env Completed in 1ms
9 timing config:load:file:P:\MODULES def\[ Modules ]\node\.npmrc Completed in 1ms
10 timing config:load:project Completed in 2ms
11 timing config:load:file:C:\Users\Alex\.npmrc Completed in 2ms
12 timing config:load:user Completed in 2ms
13 timing config:load:file:P:\MODULES def\[ Modules ]\node\node\etc\npmrc Completed in 0ms
14 timing config:load:global Completed in 0ms
15 timing config:load:setEnvs Completed in 2ms
16 timing config:load Completed in 15ms
17 timing npm:load:configload Completed in 15ms
18 timing npm:load:mkdirpcache Completed in 0ms
19 timing npm:load:mkdirplogs Completed in 0ms
20 verbose title npm i fs
21 verbose argv "i" "fs"
22 timing npm:load:setTitle Completed in 1ms
23 timing config:load:flatten Completed in 5ms
24 timing npm:load:display Completed in 6ms
25 verbose logfile logs-max:10 dir:P:\MODULES def\[ Modules ]\node\node\cache\_logs\2024-04-16T13_22_39_206Z-
26 verbose logfile P:\MODULES def\[ Modules ]\node\node\cache\_logs\2024-04-16T13_22_39_206Z-debug-0.log
27 timing npm:load:logFile Completed in 14ms
28 timing npm:load:timers Completed in 0ms
29 timing npm:load:configScope Completed in 0ms
30 timing npm:load Completed in 39ms
31 timing arborist:ctor Completed in 1ms
32 silly logfile done cleaning log files
33 timing idealTree:init Completed in 13ms
34 timing idealTree:userRequests Completed in 3ms
35 silly idealTree buildDeps
36 silly fetch manifest fs@*
37 http fetch GET 200 https://registry.npmjs.org/fs 95ms (cache miss)
38 silly placeDep ROOT fs@0.0.1-security OK for:  want: *
39 timing idealTree:#root Completed in 104ms
40 timing idealTree:node_modules/fs Completed in 0ms
41 timing idealTree:buildDeps Completed in 105ms
42 timing idealTree:fixDepFlags Completed in 0ms
43 timing idealTree Completed in 122ms
44 timing reify:loadTrees Completed in 123ms
45 timing reify:diffTrees Completed in 1ms
46 silly reify moves {}
47 timing reify:retireShallow Completed in 2ms
48 timing reify:createSparse Completed in 1ms
49 timing reify:loadBundles Completed in 0ms
50 silly audit bulk request { fs: [ '0.0.1-security' ] }
51 http fetch GET 200 https://registry.npmjs.org/npm 204ms (cache miss)
52 silly tarball no local data for fs@https://registry.npmjs.org/fs/-/fs-0.0.1-security.tgz. Extracting by manifest.
53 http fetch GET 200 https://registry.npmjs.org/fs/-/fs-0.0.1-security.tgz 50ms (cache miss)
54 timing reifyNode:node_modules/fs Completed in 94ms
55 timing reify:unpack Completed in 94ms
56 timing reify:unretire Completed in 0ms
57 timing build:queue Completed in 0ms
58 timing build:deps Completed in 2ms
59 timing build Completed in 2ms
60 timing reify:build Completed in 2ms
61 timing reify:trash Completed in 0ms
62 timing reify:save Completed in 9ms
63 http fetch POST 200 https://registry.npmjs.org/-/npm/v1/security/advisories/bulk 207ms
64 timing auditReport:getReport Completed in 209ms
65 silly audit report {}
66 timing auditReport:init Completed in 0ms
67 timing reify:audit Completed in 210ms
68 timing reify Completed in 415ms
69 silly ADD node_modules/fs
70 timing command:i Completed in 422ms
71 notice
71 notice New [31mmajor[39m version of npm available! [31m9.6.7[39m -> [32m10.5.2[39m
71 notice Changelog: [36mhttps://github.com/npm/cli/releases/tag/v10.5.2[39m
71 notice Run [32mnpm install -g npm@10.5.2[39m to update!
71 notice
72 verbose exit 0
73 timing npm Completed in 948ms
74 info ok
